<?xml version="1.0" encoding="UTF-8"?>
<testsuite xmlns:xsi="http://www.w3.org/2001/XMLSchema-instance" xsi:noNamespaceSchemaLocation="https://maven.apache.org/surefire/maven-surefire-plugin/xsd/surefire-test-report.xsd" name="se.yrgo.budgetplanner.BudgetPlannerApplicationTests" time="5.001" tests="1" errors="0" skipped="0" failures="0">
  <properties>
    <property name="java.specification.version" value="15"/>
    <property name="sun.cpu.isalist" value="amd64"/>
    <property name="sun.jnu.encoding" value="Cp1252"/>
    <property name="java.class.path" value="C:\Users\alexa\Workspaces\planner-budget\backend\target\test-classes;C:\Users\alexa\Workspaces\planner-budget\backend\target\classes;C:\Users\alexa\.m2\repository\org\springframework\boot\spring-boot-starter-data-jpa\2.2.0.RELEASE\spring-boot-starter-data-jpa-2.2.0.RELEASE.jar;C:\Users\alexa\.m2\repository\org\springframework\boot\spring-boot-starter-aop\2.2.0.RELEASE\spring-boot-starter-aop-2.2.0.RELEASE.jar;C:\Users\alexa\.m2\repository\org\aspectj\aspectjweaver\1.9.4\aspectjweaver-1.9.4.jar;C:\Users\alexa\.m2\repository\org\springframework\boot\spring-boot-starter-jdbc\2.2.0.RELEASE\spring-boot-starter-jdbc-2.2.0.RELEASE.jar;C:\Users\alexa\.m2\repository\com\zaxxer\HikariCP\3.4.1\HikariCP-3.4.1.jar;C:\Users\alexa\.m2\repository\org\springframework\spring-jdbc\5.2.0.RELEASE\spring-jdbc-5.2.0.RELEASE.jar;C:\Users\alexa\.m2\repository\jakarta\activation\jakarta.activation-api\1.2.1\jakarta.activation-api-1.2.1.jar;C:\Users\alexa\.m2\repository\jakarta\persistence\jakarta.persistence-api\2.2.3\jakarta.persistence-api-2.2.3.jar;C:\Users\alexa\.m2\repository\jakarta\transaction\jakarta.transaction-api\1.3.3\jakarta.transaction-api-1.3.3.jar;C:\Users\alexa\.m2\repository\org\hibernate\hibernate-core\5.4.6.Final\hibernate-core-5.4.6.Final.jar;C:\Users\alexa\.m2\repository\org\jboss\logging\jboss-logging\3.4.1.Final\jboss-logging-3.4.1.Final.jar;C:\Users\alexa\.m2\repository\org\javassist\javassist\3.24.0-GA\javassist-3.24.0-GA.jar;C:\Users\alexa\.m2\repository\net\bytebuddy\byte-buddy\1.10.1\byte-buddy-1.10.1.jar;C:\Users\alexa\.m2\repository\antlr\antlr\2.7.7\antlr-2.7.7.jar;C:\Users\alexa\.m2\repository\org\jboss\jandex\2.0.5.Final\jandex-2.0.5.Final.jar;C:\Users\alexa\.m2\repository\com\fasterxml\classmate\1.5.0\classmate-1.5.0.jar;C:\Users\alexa\.m2\repository\org\dom4j\dom4j\2.1.1\dom4j-2.1.1.jar;C:\Users\alexa\.m2\repository\org\hibernate\common\hibernate-commons-annotations\5.1.0.Final\hibernate-commons-annotations-5.1.0.Final.jar;C:\Users\alexa\.m2\repository\org\glassfish\jaxb\jaxb-runtime\2.3.2\jaxb-runtime-2.3.2.jar;C:\Users\alexa\.m2\repository\org\glassfish\jaxb\txw2\2.3.2\txw2-2.3.2.jar;C:\Users\alexa\.m2\repository\com\sun\istack\istack-commons-runtime\3.0.8\istack-commons-runtime-3.0.8.jar;C:\Users\alexa\.m2\repository\org\jvnet\staxex\stax-ex\1.8.1\stax-ex-1.8.1.jar;C:\Users\alexa\.m2\repository\com\sun\xml\fastinfoset\FastInfoset\1.2.16\FastInfoset-1.2.16.jar;C:\Users\alexa\.m2\repository\org\springframework\data\spring-data-jpa\2.2.0.RELEASE\spring-data-jpa-2.2.0.RELEASE.jar;C:\Users\alexa\.m2\repository\org\springframework\spring-orm\5.2.0.RELEASE\spring-orm-5.2.0.RELEASE.jar;C:\Users\alexa\.m2\repository\org\springframework\spring-context\5.2.0.RELEASE\spring-context-5.2.0.RELEASE.jar;C:\Users\alexa\.m2\repository\org\springframework\spring-tx\5.2.0.RELEASE\spring-tx-5.2.0.RELEASE.jar;C:\Users\alexa\.m2\repository\org\springframework\spring-beans\5.2.0.RELEASE\spring-beans-5.2.0.RELEASE.jar;C:\Users\alexa\.m2\repository\org\slf4j\slf4j-api\1.7.28\slf4j-api-1.7.28.jar;C:\Users\alexa\.m2\repository\org\springframework\spring-aspects\5.2.0.RELEASE\spring-aspects-5.2.0.RELEASE.jar;C:\Users\alexa\.m2\repository\org\springframework\boot\spring-boot-starter-web\2.2.0.RELEASE\spring-boot-starter-web-2.2.0.RELEASE.jar;C:\Users\alexa\.m2\repository\org\springframework\boot\spring-boot-starter\2.2.0.RELEASE\spring-boot-starter-2.2.0.RELEASE.jar;C:\Users\alexa\.m2\repository\org\springframework\boot\spring-boot-starter-logging\2.2.0.RELEASE\spring-boot-starter-logging-2.2.0.RELEASE.jar;C:\Users\alexa\.m2\repository\ch\qos\logback\logback-classic\1.2.3\logback-classic-1.2.3.jar;C:\Users\alexa\.m2\repository\ch\qos\logback\logback-core\1.2.3\logback-core-1.2.3.jar;C:\Users\alexa\.m2\repository\org\apache\logging\log4j\log4j-to-slf4j\2.12.1\log4j-to-slf4j-2.12.1.jar;C:\Users\alexa\.m2\repository\org\apache\logging\log4j\log4j-api\2.12.1\log4j-api-2.12.1.jar;C:\Users\alexa\.m2\repository\org\slf4j\jul-to-slf4j\1.7.28\jul-to-slf4j-1.7.28.jar;C:\Users\alexa\.m2\repository\jakarta\annotation\jakarta.annotation-api\1.3.5\jakarta.annotation-api-1.3.5.jar;C:\Users\alexa\.m2\repository\org\yaml\snakeyaml\1.25\snakeyaml-1.25.jar;C:\Users\alexa\.m2\repository\org\springframework\boot\spring-boot-starter-json\2.2.0.RELEASE\spring-boot-starter-json-2.2.0.RELEASE.jar;C:\Users\alexa\.m2\repository\com\fasterxml\jackson\datatype\jackson-datatype-jdk8\2.10.0\jackson-datatype-jdk8-2.10.0.jar;C:\Users\alexa\.m2\repository\com\fasterxml\jackson\module\jackson-module-parameter-names\2.10.0\jackson-module-parameter-names-2.10.0.jar;C:\Users\alexa\.m2\repository\org\springframework\boot\spring-boot-starter-tomcat\2.2.0.RELEASE\spring-boot-starter-tomcat-2.2.0.RELEASE.jar;C:\Users\alexa\.m2\repository\org\apache\tomcat\embed\tomcat-embed-core\9.0.27\tomcat-embed-core-9.0.27.jar;C:\Users\alexa\.m2\repository\org\apache\tomcat\embed\tomcat-embed-el\9.0.27\tomcat-embed-el-9.0.27.jar;C:\Users\alexa\.m2\repository\org\apache\tomcat\embed\tomcat-embed-websocket\9.0.27\tomcat-embed-websocket-9.0.27.jar;C:\Users\alexa\.m2\repository\org\springframework\boot\spring-boot-starter-validation\2.2.0.RELEASE\spring-boot-starter-validation-2.2.0.RELEASE.jar;C:\Users\alexa\.m2\repository\jakarta\validation\jakarta.validation-api\2.0.1\jakarta.validation-api-2.0.1.jar;C:\Users\alexa\.m2\repository\org\hibernate\validator\hibernate-validator\6.0.17.Final\hibernate-validator-6.0.17.Final.jar;C:\Users\alexa\.m2\repository\org\springframework\spring-web\5.2.0.RELEASE\spring-web-5.2.0.RELEASE.jar;C:\Users\alexa\.m2\repository\org\springframework\spring-webmvc\5.2.0.RELEASE\spring-webmvc-5.2.0.RELEASE.jar;C:\Users\alexa\.m2\repository\org\springframework\spring-expression\5.2.0.RELEASE\spring-expression-5.2.0.RELEASE.jar;C:\Users\alexa\.m2\repository\org\springframework\security\spring-security-data\5.2.0.RELEASE\spring-security-data-5.2.0.RELEASE.jar;C:\Users\alexa\.m2\repository\javax\xml\bind\jaxb-api\2.3.1\jaxb-api-2.3.1.jar;C:\Users\alexa\.m2\repository\javax\activation\javax.activation-api\1.2.0\javax.activation-api-1.2.0.jar;C:\Users\alexa\.m2\repository\org\springframework\data\spring-data-commons\2.2.0.RELEASE\spring-data-commons-2.2.0.RELEASE.jar;C:\Users\alexa\.m2\repository\org\springframework\security\spring-security-core\5.2.0.RELEASE\spring-security-core-5.2.0.RELEASE.jar;C:\Users\alexa\.m2\repository\org\springframework\spring-core\5.2.0.RELEASE\spring-core-5.2.0.RELEASE.jar;C:\Users\alexa\.m2\repository\org\springframework\spring-jcl\5.2.0.RELEASE\spring-jcl-5.2.0.RELEASE.jar;C:\Users\alexa\.m2\repository\org\springframework\boot\spring-boot-devtools\2.2.0.RELEASE\spring-boot-devtools-2.2.0.RELEASE.jar;C:\Users\alexa\.m2\repository\org\springframework\boot\spring-boot\2.2.0.RELEASE\spring-boot-2.2.0.RELEASE.jar;C:\Users\alexa\.m2\repository\org\springframework\boot\spring-boot-autoconfigure\2.2.0.RELEASE\spring-boot-autoconfigure-2.2.0.RELEASE.jar;C:\Users\alexa\.m2\repository\org\springframework\boot\spring-boot-starter-security\2.2.0.RELEASE\spring-boot-starter-security-2.2.0.RELEASE.jar;C:\Users\alexa\.m2\repository\org\springframework\spring-aop\5.2.0.RELEASE\spring-aop-5.2.0.RELEASE.jar;C:\Users\alexa\.m2\repository\org\springframework\security\spring-security-config\5.2.0.RELEASE\spring-security-config-5.2.0.RELEASE.jar;C:\Users\alexa\.m2\repository\org\springframework\security\spring-security-web\5.2.0.RELEASE\spring-security-web-5.2.0.RELEASE.jar;C:\Users\alexa\.m2\repository\mysql\mysql-connector-java\8.0.18\mysql-connector-java-8.0.18.jar;C:\Users\alexa\.m2\repository\com\h2database\h2\1.4.199\h2-1.4.199.jar;C:\Users\alexa\.m2\repository\io\jsonwebtoken\jjwt\0.9.1\jjwt-0.9.1.jar;C:\Users\alexa\.m2\repository\com\fasterxml\jackson\core\jackson-databind\2.10.0\jackson-databind-2.10.0.jar;C:\Users\alexa\.m2\repository\org\projectlombok\lombok\1.18.10\lombok-1.18.10.jar;C:\Users\alexa\.m2\repository\com\fasterxml\jackson\datatype\jackson-datatype-jsr310\2.10.0\jackson-datatype-jsr310-2.10.0.jar;C:\Users\alexa\.m2\repository\com\fasterxml\jackson\core\jackson-annotations\2.10.0\jackson-annotations-2.10.0.jar;C:\Users\alexa\.m2\repository\com\fasterxml\jackson\core\jackson-core\2.10.0\jackson-core-2.10.0.jar;C:\Users\alexa\.m2\repository\org\springframework\boot\spring-boot-starter-test\2.2.0.RELEASE\spring-boot-starter-test-2.2.0.RELEASE.jar;C:\Users\alexa\.m2\repository\org\springframework\boot\spring-boot-test\2.2.0.RELEASE\spring-boot-test-2.2.0.RELEASE.jar;C:\Users\alexa\.m2\repository\org\springframework\boot\spring-boot-test-autoconfigure\2.2.0.RELEASE\spring-boot-test-autoconfigure-2.2.0.RELEASE.jar;C:\Users\alexa\.m2\repository\com\jayway\jsonpath\json-path\2.4.0\json-path-2.4.0.jar;C:\Users\alexa\.m2\repository\net\minidev\json-smart\2.3\json-smart-2.3.jar;C:\Users\alexa\.m2\repository\net\minidev\accessors-smart\1.2\accessors-smart-1.2.jar;C:\Users\alexa\.m2\repository\org\ow2\asm\asm\5.0.4\asm-5.0.4.jar;C:\Users\alexa\.m2\repository\jakarta\xml\bind\jakarta.xml.bind-api\2.3.2\jakarta.xml.bind-api-2.3.2.jar;C:\Users\alexa\.m2\repository\org\junit\jupiter\junit-jupiter\5.5.2\junit-jupiter-5.5.2.jar;C:\Users\alexa\.m2\repository\org\junit\jupiter\junit-jupiter-api\5.5.2\junit-jupiter-api-5.5.2.jar;C:\Users\alexa\.m2\repository\org\apiguardian\apiguardian-api\1.1.0\apiguardian-api-1.1.0.jar;C:\Users\alexa\.m2\repository\org\opentest4j\opentest4j\1.2.0\opentest4j-1.2.0.jar;C:\Users\alexa\.m2\repository\org\junit\platform\junit-platform-commons\1.5.2\junit-platform-commons-1.5.2.jar;C:\Users\alexa\.m2\repository\org\junit\jupiter\junit-jupiter-params\5.5.2\junit-jupiter-params-5.5.2.jar;C:\Users\alexa\.m2\repository\org\junit\jupiter\junit-jupiter-engine\5.5.2\junit-jupiter-engine-5.5.2.jar;C:\Users\alexa\.m2\repository\org\junit\platform\junit-platform-engine\1.5.2\junit-platform-engine-1.5.2.jar;C:\Users\alexa\.m2\repository\org\mockito\mockito-junit-jupiter\3.1.0\mockito-junit-jupiter-3.1.0.jar;C:\Users\alexa\.m2\repository\org\assertj\assertj-core\3.13.2\assertj-core-3.13.2.jar;C:\Users\alexa\.m2\repository\org\hamcrest\hamcrest\2.1\hamcrest-2.1.jar;C:\Users\alexa\.m2\repository\org\mockito\mockito-core\3.1.0\mockito-core-3.1.0.jar;C:\Users\alexa\.m2\repository\net\bytebuddy\byte-buddy-agent\1.10.1\byte-buddy-agent-1.10.1.jar;C:\Users\alexa\.m2\repository\org\objenesis\objenesis\2.6\objenesis-2.6.jar;C:\Users\alexa\.m2\repository\org\skyscreamer\jsonassert\1.5.0\jsonassert-1.5.0.jar;C:\Users\alexa\.m2\repository\com\vaadin\external\google\android-json\0.0.20131108.vaadin1\android-json-0.0.20131108.vaadin1.jar;C:\Users\alexa\.m2\repository\org\springframework\spring-test\5.2.0.RELEASE\spring-test-5.2.0.RELEASE.jar;C:\Users\alexa\.m2\repository\org\xmlunit\xmlunit-core\2.6.3\xmlunit-core-2.6.3.jar;C:\Users\alexa\.m2\repository\junit\junit\4.12\junit-4.12.jar;C:\Users\alexa\.m2\repository\org\hamcrest\hamcrest-core\2.1\hamcrest-core-2.1.jar;"/>
    <property name="java.vm.vendor" value="Oracle Corporation"/>
    <property name="sun.arch.data.model" value="64"/>
    <property name="user.variant" value=""/>
    <property name="java.vendor.url" value="https://java.oracle.com/"/>
    <property name="user.timezone" value="Europe/Stockholm"/>
    <property name="os.name" value="Windows 10"/>
    <property name="java.vm.specification.version" value="15"/>
    <property name="sun.java.launcher" value="SUN_STANDARD"/>
    <property name="user.country" value="SE"/>
    <property name="sun.boot.library.path" value="C:\Program Files\Java\jdk-15.0.1\bin"/>
    <property name="sun.java.command" value="C:\Users\alexa\AppData\Local\Temp\surefire5552393634562190811\surefirebooter17741689158219394337.jar C:\Users\alexa\AppData\Local\Temp\surefire5552393634562190811 2021-02-24T04-22-57_428-jvmRun1 surefire11710680645861775228tmp surefire_08139040049354891122tmp"/>
    <property name="jdk.debug" value="release"/>
    <property name="surefire.test.class.path" value="C:\Users\alexa\Workspaces\planner-budget\backend\target\test-classes;C:\Users\alexa\Workspaces\planner-budget\backend\target\classes;C:\Users\alexa\.m2\repository\org\springframework\boot\spring-boot-starter-data-jpa\2.2.0.RELEASE\spring-boot-starter-data-jpa-2.2.0.RELEASE.jar;C:\Users\alexa\.m2\repository\org\springframework\boot\spring-boot-starter-aop\2.2.0.RELEASE\spring-boot-starter-aop-2.2.0.RELEASE.jar;C:\Users\alexa\.m2\repository\org\aspectj\aspectjweaver\1.9.4\aspectjweaver-1.9.4.jar;C:\Users\alexa\.m2\repository\org\springframework\boot\spring-boot-starter-jdbc\2.2.0.RELEASE\spring-boot-starter-jdbc-2.2.0.RELEASE.jar;C:\Users\alexa\.m2\repository\com\zaxxer\HikariCP\3.4.1\HikariCP-3.4.1.jar;C:\Users\alexa\.m2\repository\org\springframework\spring-jdbc\5.2.0.RELEASE\spring-jdbc-5.2.0.RELEASE.jar;C:\Users\alexa\.m2\repository\jakarta\activation\jakarta.activation-api\1.2.1\jakarta.activation-api-1.2.1.jar;C:\Users\alexa\.m2\repository\jakarta\persistence\jakarta.persistence-api\2.2.3\jakarta.persistence-api-2.2.3.jar;C:\Users\alexa\.m2\repository\jakarta\transaction\jakarta.transaction-api\1.3.3\jakarta.transaction-api-1.3.3.jar;C:\Users\alexa\.m2\repository\org\hibernate\hibernate-core\5.4.6.Final\hibernate-core-5.4.6.Final.jar;C:\Users\alexa\.m2\repository\org\jboss\logging\jboss-logging\3.4.1.Final\jboss-logging-3.4.1.Final.jar;C:\Users\alexa\.m2\repository\org\javassist\javassist\3.24.0-GA\javassist-3.24.0-GA.jar;C:\Users\alexa\.m2\repository\net\bytebuddy\byte-buddy\1.10.1\byte-buddy-1.10.1.jar;C:\Users\alexa\.m2\repository\antlr\antlr\2.7.7\antlr-2.7.7.jar;C:\Users\alexa\.m2\repository\org\jboss\jandex\2.0.5.Final\jandex-2.0.5.Final.jar;C:\Users\alexa\.m2\repository\com\fasterxml\classmate\1.5.0\classmate-1.5.0.jar;C:\Users\alexa\.m2\repository\org\dom4j\dom4j\2.1.1\dom4j-2.1.1.jar;C:\Users\alexa\.m2\repository\org\hibernate\common\hibernate-commons-annotations\5.1.0.Final\hibernate-commons-annotations-5.1.0.Final.jar;C:\Users\alexa\.m2\repository\org\glassfish\jaxb\jaxb-runtime\2.3.2\jaxb-runtime-2.3.2.jar;C:\Users\alexa\.m2\repository\org\glassfish\jaxb\txw2\2.3.2\txw2-2.3.2.jar;C:\Users\alexa\.m2\repository\com\sun\istack\istack-commons-runtime\3.0.8\istack-commons-runtime-3.0.8.jar;C:\Users\alexa\.m2\repository\org\jvnet\staxex\stax-ex\1.8.1\stax-ex-1.8.1.jar;C:\Users\alexa\.m2\repository\com\sun\xml\fastinfoset\FastInfoset\1.2.16\FastInfoset-1.2.16.jar;C:\Users\alexa\.m2\repository\org\springframework\data\spring-data-jpa\2.2.0.RELEASE\spring-data-jpa-2.2.0.RELEASE.jar;C:\Users\alexa\.m2\repository\org\springframework\spring-orm\5.2.0.RELEASE\spring-orm-5.2.0.RELEASE.jar;C:\Users\alexa\.m2\repository\org\springframework\spring-context\5.2.0.RELEASE\spring-context-5.2.0.RELEASE.jar;C:\Users\alexa\.m2\repository\org\springframework\spring-tx\5.2.0.RELEASE\spring-tx-5.2.0.RELEASE.jar;C:\Users\alexa\.m2\repository\org\springframework\spring-beans\5.2.0.RELEASE\spring-beans-5.2.0.RELEASE.jar;C:\Users\alexa\.m2\repository\org\slf4j\slf4j-api\1.7.28\slf4j-api-1.7.28.jar;C:\Users\alexa\.m2\repository\org\springframework\spring-aspects\5.2.0.RELEASE\spring-aspects-5.2.0.RELEASE.jar;C:\Users\alexa\.m2\repository\org\springframework\boot\spring-boot-starter-web\2.2.0.RELEASE\spring-boot-starter-web-2.2.0.RELEASE.jar;C:\Users\alexa\.m2\repository\org\springframework\boot\spring-boot-starter\2.2.0.RELEASE\spring-boot-starter-2.2.0.RELEASE.jar;C:\Users\alexa\.m2\repository\org\springframework\boot\spring-boot-starter-logging\2.2.0.RELEASE\spring-boot-starter-logging-2.2.0.RELEASE.jar;C:\Users\alexa\.m2\repository\ch\qos\logback\logback-classic\1.2.3\logback-classic-1.2.3.jar;C:\Users\alexa\.m2\repository\ch\qos\logback\logback-core\1.2.3\logback-core-1.2.3.jar;C:\Users\alexa\.m2\repository\org\apache\logging\log4j\log4j-to-slf4j\2.12.1\log4j-to-slf4j-2.12.1.jar;C:\Users\alexa\.m2\repository\org\apache\logging\log4j\log4j-api\2.12.1\log4j-api-2.12.1.jar;C:\Users\alexa\.m2\repository\org\slf4j\jul-to-slf4j\1.7.28\jul-to-slf4j-1.7.28.jar;C:\Users\alexa\.m2\repository\jakarta\annotation\jakarta.annotation-api\1.3.5\jakarta.annotation-api-1.3.5.jar;C:\Users\alexa\.m2\repository\org\yaml\snakeyaml\1.25\snakeyaml-1.25.jar;C:\Users\alexa\.m2\repository\org\springframework\boot\spring-boot-starter-json\2.2.0.RELEASE\spring-boot-starter-json-2.2.0.RELEASE.jar;C:\Users\alexa\.m2\repository\com\fasterxml\jackson\datatype\jackson-datatype-jdk8\2.10.0\jackson-datatype-jdk8-2.10.0.jar;C:\Users\alexa\.m2\repository\com\fasterxml\jackson\module\jackson-module-parameter-names\2.10.0\jackson-module-parameter-names-2.10.0.jar;C:\Users\alexa\.m2\repository\org\springframework\boot\spring-boot-starter-tomcat\2.2.0.RELEASE\spring-boot-starter-tomcat-2.2.0.RELEASE.jar;C:\Users\alexa\.m2\repository\org\apache\tomcat\embed\tomcat-embed-core\9.0.27\tomcat-embed-core-9.0.27.jar;C:\Users\alexa\.m2\repository\org\apache\tomcat\embed\tomcat-embed-el\9.0.27\tomcat-embed-el-9.0.27.jar;C:\Users\alexa\.m2\repository\org\apache\tomcat\embed\tomcat-embed-websocket\9.0.27\tomcat-embed-websocket-9.0.27.jar;C:\Users\alexa\.m2\repository\org\springframework\boot\spring-boot-starter-validation\2.2.0.RELEASE\spring-boot-starter-validation-2.2.0.RELEASE.jar;C:\Users\alexa\.m2\repository\jakarta\validation\jakarta.validation-api\2.0.1\jakarta.validation-api-2.0.1.jar;C:\Users\alexa\.m2\repository\org\hibernate\validator\hibernate-validator\6.0.17.Final\hibernate-validator-6.0.17.Final.jar;C:\Users\alexa\.m2\repository\org\springframework\spring-web\5.2.0.RELEASE\spring-web-5.2.0.RELEASE.jar;C:\Users\alexa\.m2\repository\org\springframework\spring-webmvc\5.2.0.RELEASE\spring-webmvc-5.2.0.RELEASE.jar;C:\Users\alexa\.m2\repository\org\springframework\spring-expression\5.2.0.RELEASE\spring-expression-5.2.0.RELEASE.jar;C:\Users\alexa\.m2\repository\org\springframework\security\spring-security-data\5.2.0.RELEASE\spring-security-data-5.2.0.RELEASE.jar;C:\Users\alexa\.m2\repository\javax\xml\bind\jaxb-api\2.3.1\jaxb-api-2.3.1.jar;C:\Users\alexa\.m2\repository\javax\activation\javax.activation-api\1.2.0\javax.activation-api-1.2.0.jar;C:\Users\alexa\.m2\repository\org\springframework\data\spring-data-commons\2.2.0.RELEASE\spring-data-commons-2.2.0.RELEASE.jar;C:\Users\alexa\.m2\repository\org\springframework\security\spring-security-core\5.2.0.RELEASE\spring-security-core-5.2.0.RELEASE.jar;C:\Users\alexa\.m2\repository\org\springframework\spring-core\5.2.0.RELEASE\spring-core-5.2.0.RELEASE.jar;C:\Users\alexa\.m2\repository\org\springframework\spring-jcl\5.2.0.RELEASE\spring-jcl-5.2.0.RELEASE.jar;C:\Users\alexa\.m2\repository\org\springframework\boot\spring-boot-devtools\2.2.0.RELEASE\spring-boot-devtools-2.2.0.RELEASE.jar;C:\Users\alexa\.m2\repository\org\springframework\boot\spring-boot\2.2.0.RELEASE\spring-boot-2.2.0.RELEASE.jar;C:\Users\alexa\.m2\repository\org\springframework\boot\spring-boot-autoconfigure\2.2.0.RELEASE\spring-boot-autoconfigure-2.2.0.RELEASE.jar;C:\Users\alexa\.m2\repository\org\springframework\boot\spring-boot-starter-security\2.2.0.RELEASE\spring-boot-starter-security-2.2.0.RELEASE.jar;C:\Users\alexa\.m2\repository\org\springframework\spring-aop\5.2.0.RELEASE\spring-aop-5.2.0.RELEASE.jar;C:\Users\alexa\.m2\repository\org\springframework\security\spring-security-config\5.2.0.RELEASE\spring-security-config-5.2.0.RELEASE.jar;C:\Users\alexa\.m2\repository\org\springframework\security\spring-security-web\5.2.0.RELEASE\spring-security-web-5.2.0.RELEASE.jar;C:\Users\alexa\.m2\repository\mysql\mysql-connector-java\8.0.18\mysql-connector-java-8.0.18.jar;C:\Users\alexa\.m2\repository\com\h2database\h2\1.4.199\h2-1.4.199.jar;C:\Users\alexa\.m2\repository\io\jsonwebtoken\jjwt\0.9.1\jjwt-0.9.1.jar;C:\Users\alexa\.m2\repository\com\fasterxml\jackson\core\jackson-databind\2.10.0\jackson-databind-2.10.0.jar;C:\Users\alexa\.m2\repository\org\projectlombok\lombok\1.18.10\lombok-1.18.10.jar;C:\Users\alexa\.m2\repository\com\fasterxml\jackson\datatype\jackson-datatype-jsr310\2.10.0\jackson-datatype-jsr310-2.10.0.jar;C:\Users\alexa\.m2\repository\com\fasterxml\jackson\core\jackson-annotations\2.10.0\jackson-annotations-2.10.0.jar;C:\Users\alexa\.m2\repository\com\fasterxml\jackson\core\jackson-core\2.10.0\jackson-core-2.10.0.jar;C:\Users\alexa\.m2\repository\org\springframework\boot\spring-boot-starter-test\2.2.0.RELEASE\spring-boot-starter-test-2.2.0.RELEASE.jar;C:\Users\alexa\.m2\repository\org\springframework\boot\spring-boot-test\2.2.0.RELEASE\spring-boot-test-2.2.0.RELEASE.jar;C:\Users\alexa\.m2\repository\org\springframework\boot\spring-boot-test-autoconfigure\2.2.0.RELEASE\spring-boot-test-autoconfigure-2.2.0.RELEASE.jar;C:\Users\alexa\.m2\repository\com\jayway\jsonpath\json-path\2.4.0\json-path-2.4.0.jar;C:\Users\alexa\.m2\repository\net\minidev\json-smart\2.3\json-smart-2.3.jar;C:\Users\alexa\.m2\repository\net\minidev\accessors-smart\1.2\accessors-smart-1.2.jar;C:\Users\alexa\.m2\repository\org\ow2\asm\asm\5.0.4\asm-5.0.4.jar;C:\Users\alexa\.m2\repository\jakarta\xml\bind\jakarta.xml.bind-api\2.3.2\jakarta.xml.bind-api-2.3.2.jar;C:\Users\alexa\.m2\repository\org\junit\jupiter\junit-jupiter\5.5.2\junit-jupiter-5.5.2.jar;C:\Users\alexa\.m2\repository\org\junit\jupiter\junit-jupiter-api\5.5.2\junit-jupiter-api-5.5.2.jar;C:\Users\alexa\.m2\repository\org\apiguardian\apiguardian-api\1.1.0\apiguardian-api-1.1.0.jar;C:\Users\alexa\.m2\repository\org\opentest4j\opentest4j\1.2.0\opentest4j-1.2.0.jar;C:\Users\alexa\.m2\repository\org\junit\platform\junit-platform-commons\1.5.2\junit-platform-commons-1.5.2.jar;C:\Users\alexa\.m2\repository\org\junit\jupiter\junit-jupiter-params\5.5.2\junit-jupiter-params-5.5.2.jar;C:\Users\alexa\.m2\repository\org\junit\jupiter\junit-jupiter-engine\5.5.2\junit-jupiter-engine-5.5.2.jar;C:\Users\alexa\.m2\repository\org\junit\platform\junit-platform-engine\1.5.2\junit-platform-engine-1.5.2.jar;C:\Users\alexa\.m2\repository\org\mockito\mockito-junit-jupiter\3.1.0\mockito-junit-jupiter-3.1.0.jar;C:\Users\alexa\.m2\repository\org\assertj\assertj-core\3.13.2\assertj-core-3.13.2.jar;C:\Users\alexa\.m2\repository\org\hamcrest\hamcrest\2.1\hamcrest-2.1.jar;C:\Users\alexa\.m2\repository\org\mockito\mockito-core\3.1.0\mockito-core-3.1.0.jar;C:\Users\alexa\.m2\repository\net\bytebuddy\byte-buddy-agent\1.10.1\byte-buddy-agent-1.10.1.jar;C:\Users\alexa\.m2\repository\org\objenesis\objenesis\2.6\objenesis-2.6.jar;C:\Users\alexa\.m2\repository\org\skyscreamer\jsonassert\1.5.0\jsonassert-1.5.0.jar;C:\Users\alexa\.m2\repository\com\vaadin\external\google\android-json\0.0.20131108.vaadin1\android-json-0.0.20131108.vaadin1.jar;C:\Users\alexa\.m2\repository\org\springframework\spring-test\5.2.0.RELEASE\spring-test-5.2.0.RELEASE.jar;C:\Users\alexa\.m2\repository\org\xmlunit\xmlunit-core\2.6.3\xmlunit-core-2.6.3.jar;C:\Users\alexa\.m2\repository\junit\junit\4.12\junit-4.12.jar;C:\Users\alexa\.m2\repository\org\hamcrest\hamcrest-core\2.1\hamcrest-core-2.1.jar;"/>
    <property name="sun.cpu.endian" value="little"/>
    <property name="user.home" value="C:\Users\alexa"/>
    <property name="user.language" value="sv"/>
    <property name="java.specification.vendor" value="Oracle Corporation"/>
    <property name="java.version.date" value="2020-10-20"/>
    <property name="java.home" value="C:\Program Files\Java\jdk-15.0.1"/>
    <property name="file.separator" value="\"/>
    <property name="basedir" value="C:\Users\alexa\Workspaces\planner-budget\backend"/>
    <property name="java.vm.compressedOopsMode" value="Zero based"/>
    <property name="line.separator" value="&#10;"/>
    <property name="java.vm.specification.vendor" value="Oracle Corporation"/>
    <property name="java.specification.name" value="Java Platform API Specification"/>
    <property name="surefire.real.class.path" value="C:\Users\alexa\AppData\Local\Temp\surefire5552393634562190811\surefirebooter17741689158219394337.jar"/>
    <property name="user.script" value=""/>
    <property name="sun.management.compiler" value="HotSpot 64-Bit Tiered Compilers"/>
    <property name="java.runtime.version" value="15.0.1+9-18"/>
    <property name="user.name" value="alexa"/>
    <property name="path.separator" value=";"/>
    <property name="os.version" value="10.0"/>
    <property name="java.runtime.name" value="Java(TM) SE Runtime Environment"/>
    <property name="file.encoding" value="Cp1252"/>
    <property name="java.vm.name" value="Java HotSpot(TM) 64-Bit Server VM"/>
    <property name="localRepository" value="C:\Users\alexa\.m2\repository"/>
    <property name="java.vendor.url.bug" value="https://bugreport.java.com/bugreport/"/>
    <property name="java.io.tmpdir" value="C:\Users\alexa\AppData\Local\Temp\"/>
    <property name="java.version" value="15.0.1"/>
    <property name="user.dir" value="C:\Users\alexa\Workspaces\planner-budget\backend"/>
    <property name="os.arch" value="amd64"/>
    <property name="java.vm.specification.name" value="Java Virtual Machine Specification"/>
    <property name="sun.os.patch.level" value=""/>
    <property name="java.library.path" value="C:\Program Files\Java\jdk-15.0.1\bin;C:\windows\Sun\Java\bin;C:\windows\system32;C:\windows;C:\Program Files\WindowsApps\Microsoft.WindowsTerminal_1.5.10411.0_x64__8wekyb3d8bbwe;C:\Python39\Scripts\;C:\Python39\;C:\Program Files\Common Files\Oracle\Java\javapath;C:\windows\system32;C:\windows;C:\windows\System32\Wbem;C:\windows\System32\WindowsPowerShell\v1.0\;C:\windows\System32\OpenSSH\;C:\Program Files (x86)\NVIDIA Corporation\PhysX\Common;C:\ProgramData\chocolatey\bin;C:\ProgramData\chocolatey\lib\maven\apache-maven-3.6.3\bin;C:\Program Files\Java\jdk1.8.0_211\bin;C:\Program Files\Microsoft VS Code\bin;C:\Program Files\Calibre2\;C:\Program Files\NVIDIA Corporation\NVIDIA NvDLISR;C:\Program Files\PuTTY\;C:\Program Files (x86)\Intel\Intel(R) Memory And Storage Tool\;C:\Program Files\Docker\Docker\resources\bin;C:\ProgramData\DockerDesktop\version-bin;C:\Program Files\Git\cmd;C:\Program Files\nodejs\;C:\Program Files\dotnet\;C:\Users\alexa\scoop\apps\openjdk\current\bin;C:\Users\alexa\scoop\apps\openjdk10\current\bin;C:\Users\alexa\scoop\apps\oraclejdk\current\bin;C:\Program Files\MySQL\MySQL Shell 8.0\bin\;C:\Users\alexa\scoop\shims;C:\Users\alexa\AppData\Local\Microsoft\WindowsApps;C:\tools\mysql\current\bin;C:\Users\alexa\AppData\Roaming\npm;C:\Users\alexa\AppData\Local\GitHubDesktop\bin;C:\Program Files\Java\jdk-15.0.1\bin;."/>
    <property name="java.vm.info" value="mixed mode, sharing"/>
    <property name="java.vendor" value="Oracle Corporation"/>
    <property name="java.vm.version" value="15.0.1+9-18"/>
    <property name="sun.io.unicode.encoding" value="UnicodeLittle"/>
    <property name="java.class.version" value="59.0"/>
  </properties>
  <testcase name="contextLoads" classname="se.yrgo.budgetplanner.BudgetPlannerApplicationTests" time="0.1"/>
</testsuite>